  Hero.cpp
C:\Users\gtg06\Documents\GitHub\DoubleHit\DoubleHit\DoubleHit\Game\Hero.cpp(51,28): warning C4244: '인수': 'double'에서 'int'(으)로 변환하면서 데이터가 손실될 수 있습니다.
C:\Users\gtg06\Documents\GitHub\DoubleHit\DoubleHit\DoubleHit\Game\Hero.cpp(72,14): warning C4244: '인수': 'double'에서 'float'(으)로 변환하면서 데이터가 손실될 수 있습니다.
  Mode1.cpp
  main.cpp
  코드를 생성하고 있습니다...
  DoubleHit.vcxproj -> C:\Users\gtg06\Documents\GitHub\DoubleHit\DoubleHit\x64\Debug\DoubleHit.exe

프로젝트 성능 요약:
     3582ms  C:\Users\gtg06\Documents\GitHub\DoubleHit\DoubleHit\DoubleHit\DoubleHit.vcxproj   1회 호출
               3582ms  Build                                      1회 호출

대상 성능 요약:
        0ms  AfterBuildCompileEvent                     1회 호출
        0ms  _Link                                      1회 호출
        0ms  AfterLink                                  1회 호출
        0ms  ComputeLinkImportLibraryOutputsForClean    1회 호출
        0ms  ComputeLinkSwitches                        1회 호출
        0ms  PreLinkEvent                               1회 호출
        0ms  MakeDirsForLink                            1회 호출
        0ms  PrepareResourceNames                       1회 호출
        0ms  CreateCustomManifestResourceNames          1회 호출
        0ms  SplitResourcesByCulture                    1회 호출
        0ms  ComputeManifestInputsTargets               1회 호출
        0ms  ComputeLinkInputsFromProject               1회 호출
        0ms  ComputeCLGeneratedLinkInputs               1회 호출
        0ms  ComputeManifestGeneratedLinkerInputs       1회 호출
        0ms  ComputeRCGeneratedLinkInputs               1회 호출
        0ms  ComputeRCOutputs                           1회 호출
        0ms  BeforeLink                                 1회 호출
        0ms  ComputeLegacyManifestEmbedding             1회 호출
        0ms  BuildLinkTraverse                          1회 호출
        0ms  BuildCompile                               1회 호출
        0ms  _BuildCompileAction                        1회 호출
        0ms  _ResourceCompile                           1회 호출
        0ms  AfterResourceCompile                       1회 호출
        0ms  BeforeResourceCompile                      1회 호출
        0ms  _ALink                                     1회 호출
        0ms  _Manifest                                  1회 호출
        0ms  RegisterOutput                             1회 호출
        0ms  ResolvedXDCMake                            1회 호출
        0ms  AfterBuild                                 1회 호출
        0ms  BuildLink                                  1회 호출
        0ms  _BuildLinkAction                           1회 호출
        0ms  PostBuildEvent                             1회 호출
        0ms  PrepareForRun                              1회 호출
        0ms  _CheckForCompileOutputs                    1회 호출
        0ms  _CopySourceItemsToOutputDirectory          1회 호출
        0ms  _GetCopyToOutputDirectoryItemsFromThisProject   1회 호출
        0ms  _GetCopyToOutputDirectoryItemsFromTransitiveProjectReferences   1회 호출
        0ms  _PopulateCommonStateForGetCopyToOutputDirectoryItems   1회 호출
        0ms  _Deploy                                    1회 호출
        0ms  _ClCompile                                 1회 호출
        0ms  _Appverifier                               1회 호출
        0ms  _GenerateSatelliteAssemblyInputs           1회 호출
        0ms  ContentFilesProjectOutputGroup             1회 호출
        0ms  MakeDirsForFxc                             1회 호출
        0ms  SatelliteDllsProjectOutputGroup            1회 호출
        0ms  BuiltProjectOutputGroup                    1회 호출
        0ms  _BscMake                                   1회 호출
        0ms  MakeDirsForBscMake                         1회 호출
        0ms  ComputeCLCompileGeneratedSbrFiles          1회 호출
        0ms  _XdcMake                                   1회 호출
        0ms  MakeDirsForXdcMake                         1회 호출
        0ms  ComputeCLCompileGeneratedXDCFiles          1회 호출
        0ms  CreateSatelliteAssemblies                  1회 호출
        0ms  AfterClCompile                             1회 호출
        0ms  Build                                      1회 호출
        0ms  BeforeBuildGenerateSources                 1회 호출
        0ms  ComputeCustomBuildOutput                   1회 호출
        0ms  BeforeResolveReferences                    1회 호출
        0ms  _SelectedFiles                             1회 호출
        0ms  PreBuildEvent                              1회 호출
        0ms  VcpkgCheckManifestRoot                     1회 호출
        0ms  BuildGenerateSourcesTraverse               1회 호출
        0ms  ResolveReferences                          1회 호출
        0ms  AfterResolveReferences                     1회 호출
        0ms  ResolveAssemblyReferences                  1회 호출
        0ms  _Xsd                                       1회 호출
        0ms  ExpandSDKReferences                        1회 호출
        0ms  SetCABuildNativeEnvironmentVariables       1회 호출
        0ms  GetResolvedWinMD                           1회 호출
        0ms  SetBuildDefaultEnvironmentVariables        1회 호출
        0ms  AddExternalIncludDirectoriesToPaths        1회 호출
        0ms  GetFrameworkPaths                          1회 호출
        0ms  ResolveProjectReferences                   1회 호출
        0ms  PrepareProjectReferences                   1회 호출
        0ms  _AddOutputPathToGlobalPropertiesToRemove   1회 호출
        0ms  _SplitProjectReferencesByFileExistence     1회 호출
        0ms  ResolveSDKReferences                       1회 호출
        0ms  MakeDirsForMidl                            1회 호출
        0ms  SelectCustomBuild                          1회 호출
        0ms  AfterMidl                                  1회 호출
        0ms  VcpkgTripletSelection                      1회 호출
        0ms  SelectClCompile                            1회 호출
        0ms  MakeDirsForCl                              1회 호출
        0ms  ComputeMIDLGeneratedCompileInputs          1회 호출
        0ms  GetReferencedVCProjectsInfo                1회 호출
        0ms  FindReferenceAssembliesForReferences       1회 호출
        0ms  ComputeCLInputPDBName                      1회 호출
        0ms  BeforeClCompile                            1회 호출
        0ms  BuildCompileTraverse                       1회 호출
        0ms  BuildGenerateSources                       1회 호출
        0ms  _PrepareForReferenceResolution             1회 호출
        0ms  _BuildGenerateSourcesAction                1회 호출
        0ms  AfterBuildGenerateSourcesEvent             1회 호출
        0ms  AfterBuildGenerateSources                  1회 호출
        0ms  _Midl                                      1회 호출
        1ms  FinalizeBuildStatus                        1회 호출
        1ms  MakeDirsForResourceCompile                 1회 호출
        1ms  AssignTargetPaths                          1회 호출
        1ms  WarnCompileDuplicatedFilename              1회 호출
        1ms  IncrementalClean                           1회 호출
        1ms  _CheckWindowsSDKInstalled                  1회 호출
        1ms  ComputeStdModulesCompileInputs             1회 호출
        1ms  GetReferenceAssemblyPaths                  1회 호출
        1ms  AssignProjectConfiguration                 1회 호출
        1ms  _PrepareForBuild                           1회 호출
        1ms  _CleanGetCurrentAndPriorFileWrites         1회 호출
        1ms  CopyFilesToOutputDirectory                 1회 호출
        1ms  ComputeReferenceCLInput                    1회 호출
        1ms  ComputeCLOutputs                           1회 호출
        1ms  GetCopyToOutputDirectoryItems              1회 호출
        1ms  DoLinkOutputFilesMatch                     1회 호출
        1ms  CopyFileToFolders                          1회 호출
        2ms  FixupCLCompileOptions                      1회 호출
        2ms  GetCopyToOutputDirectoryXamlAppDefs        1회 호출
        3ms  SetTelemetryEnvironmentVariables           1회 호출
        3ms  InitializeBuildStatus                      1회 호출
        3ms  TlogCleanup                                1회 호출
        5ms  PrepareForBuild                            1회 호출
        5ms  _CopyFilesMarkedCopyLocal                  1회 호출
        6ms  _CheckForInvalidConfigurationAndPlatform   1회 호출
       12ms  CustomBuild                                1회 호출
       14ms  CreateRecipeFile                           1회 호출
       28ms  _GetProjectReferenceTargetFrameworkProperties   1회 호출
      182ms  Link                                       1회 호출
      831ms  AppLocalFromInstalled                      1회 호출
     2465ms  ClCompile                                  1회 호출

작업 성능 요약:
        0ms  CallTarget                                 2회 호출
        0ms  FindUnderPath                              5회 호출
        0ms  AssignCulture                              1회 호출
        0ms  MSBuild                                    1회 호출
        0ms  SetRidAgnosticValueForProjects             1회 호출
        0ms  RemoveDuplicates                           2회 호출
        0ms  ConvertToAbsolutePath                      1회 호출
        1ms  Delete                                     2회 호출
        1ms  AssignTargetPath                           7회 호출
        1ms  WriteLinesToFile                           1회 호출
        1ms  SetEnv                                    11회 호출
        1ms  AssignProjectConfiguration                 1회 호출
        1ms  Touch                                      2회 호출
        1ms  Message                                    8회 호출
        1ms  CheckVCToolsetVersion                      1회 호출
        2ms  ReadLinesFromFile                          3회 호출
        2ms  MakeDir                                   10회 호출
        3ms  CleanupStaleTlogItems                      1회 호출
        4ms  Copy                                       1회 호출
        7ms  GetOutOfDateItems                          3회 호출
       14ms  GenerateDesktopDeployRecipe                1회 호출
      181ms  Link                                       1회 호출
      828ms  Exec                                       2회 호출
     2463ms  CL                                         1회 호출
